<?xml version="1.0" encoding="UTF-8"?>
<testng-results ignored="0" total="1" passed="1" failed="0" skipped="0">
  <reporter-output>
  </reporter-output>
  <suite started-at="2023-09-12T15:52:39 EET" name="Default suite" finished-at="2023-09-12T15:53:06 EET" duration-ms="27528">
    <groups>
    </groups>
    <test started-at="2023-09-12T15:52:39 EET" name="Default test" finished-at="2023-09-12T15:53:06 EET" duration-ms="27528">
      <class name="projOne.Test_proj">
        <test-method is-config="true" signature="myBeforeTest()[pri:0, instance:projOne.Test_proj@d8948cd]" started-at="2023-09-12T15:52:39 EET" name="myBeforeTest" finished-at="2023-09-12T15:53:03 EET" duration-ms="24269" status="PASS">
          <reporter-output>
          </reporter-output>
        </test-method> <!-- myBeforeTest -->
        <test-method signature="myTest()[pri:0, instance:projOne.Test_proj@d8948cd]" started-at="2023-09-12T15:53:03 EET" name="myTest" finished-at="2023-09-12T15:53:06 EET" duration-ms="3149" status="PASS">
          <reporter-output>
          </reporter-output>
        </test-method> <!-- myTest -->
        <test-method is-config="true" signature="myAfterTest()[pri:0, instance:projOne.Test_proj@d8948cd]" started-at="2023-09-12T15:53:06 EET" name="myAfterTest" finished-at="2023-09-12T15:53:06 EET" duration-ms="1" status="PASS">
          <reporter-output>
          </reporter-output>
        </test-method> <!-- myAfterTest -->
      </class> <!-- projOne.Test_proj -->
    </test> <!-- Default test -->
  </suite> <!-- Default suite -->
</testng-results>
